1637486611172	geckodriver	INFO	Listening on 127.0.0.1:54545
1637486614243	mozrunner::runner	INFO	Running command: "E:\\Program Files\\Mozilla Firefox\\firefox.exe" "--marionette" "-no-remote" "-profile" "C:\\Users\\MILUDeer\\AppData\\Local\\Temp\\rust_mozprofileLy7Ocm"
1637486615054	Marionette	INFO	Marionette enabled
console.warn: SearchSettings: "get: No settings file exists, new profile?" (new NotFoundError("Could not open the file at C:\\Users\\MILUDeer\\AppData\\Local\\Temp\\rust_mozprofileLy7Ocm\\search.json.mozlz4", (void 0)))
1637486618771	Marionette	INFO	Listening on port 54557
1637486619104	RemoteAgent	WARN	TLS certificate errors will be ignored for this session
1637486663009	Marionette	INFO	Stopped listening on port 54557
console.warn: TopSitesFeed: Failed to fetch data from Contile server: NetworkError when attempting to fetch resource.
JavaScript error: chrome://remote/content/marionette/cert.js, line 55: NS_ERROR_NOT_AVAILABLE: Component returned failure code: 0x80040111 (NS_ERROR_NOT_AVAILABLE) [nsICertOverrideService.setDisableAllSecurityChecksAndLetAttackersInterceptMyData]
1637486681732	geckodriver	INFO	Listening on 127.0.0.1:54741
1637486684801	mozrunner::runner	INFO	Running command: "E:\\Program Files\\Mozilla Firefox\\firefox.exe" "--marionette" "-no-remote" "-profile" "C:\\Users\\MILUDeer\\AppData\\Local\\Temp\\rust_mozprofileMLcq7W"
1637486685463	Marionette	INFO	Marionette enabled
console.warn: SearchSettings: "get: No settings file exists, new profile?" (new NotFoundError("Could not open the file at C:\\Users\\MILUDeer\\AppData\\Local\\Temp\\rust_mozprofileMLcq7W\\search.json.mozlz4", (void 0)))
1637486688919	Marionette	INFO	Listening on port 54753
1637486689013	RemoteAgent	WARN	TLS certificate errors will be ignored for this session
1637486725253	Marionette	INFO	Stopped listening on port 54753
console.warn: TopSitesFeed: Failed to fetch data from Contile server: NetworkError when attempting to fetch resource.
JavaScript error: chrome://remote/content/marionette/cert.js, line 55: NS_ERROR_NOT_AVAILABLE: Component returned failure code: 0x80040111 (NS_ERROR_NOT_AVAILABLE) [nsICertOverrideService.setDisableAllSecurityChecksAndLetAttackersInterceptMyData]
1637487913009	geckodriver	INFO	Listening on 127.0.0.1:55957
1637487916054	mozrunner::runner	INFO	Running command: "E:\\Program Files\\Mozilla Firefox\\firefox.exe" "--marionette" "-no-remote" "-profile" "C:\\Users\\MILUDeer\\AppData\\Local\\Temp\\rust_mozprofilewAYIjO"
1637487916746	Marionette	INFO	Marionette enabled
console.warn: SearchSettings: "get: No settings file exists, new profile?" (new NotFoundError("Could not open the file at C:\\Users\\MILUDeer\\AppData\\Local\\Temp\\rust_mozprofilewAYIjO\\search.json.mozlz4", (void 0)))
1637487920190	Marionette	INFO	Listening on port 55966
1637487920259	RemoteAgent	WARN	TLS certificate errors will be ignored for this session
1637487957476	Marionette	INFO	Stopped listening on port 55966
console.warn: TopSitesFeed: Failed to fetch data from Contile server: NetworkError when attempting to fetch resource.
JavaScript error: chrome://remote/content/marionette/cert.js, line 55: NS_ERROR_NOT_AVAILABLE: Component returned failure code: 0x80040111 (NS_ERROR_NOT_AVAILABLE) [nsICertOverrideService.setDisableAllSecurityChecksAndLetAttackersInterceptMyData]
1637488404137	geckodriver	INFO	Listening on 127.0.0.1:56837
1637488407206	mozrunner::runner	INFO	Running command: "E:\\Program Files\\Mozilla Firefox\\firefox.exe" "--marionette" "-no-remote" "-profile" "C:\\Users\\MILUDeer\\AppData\\Local\\Temp\\rust_mozprofileHii645"
1637488407820	Marionette	INFO	Marionette enabled
console.warn: SearchSettings: "get: No settings file exists, new profile?" (new NotFoundError("Could not open the file at C:\\Users\\MILUDeer\\AppData\\Local\\Temp\\rust_mozprofileHii645\\search.json.mozlz4", (void 0)))
1637488411233	Marionette	INFO	Listening on port 56849
1637488411430	RemoteAgent	WARN	TLS certificate errors will be ignored for this session
1637488416431	Marionette	INFO	Stopped listening on port 56849

###!!! [Parent][RunMessage] Error: Channel closing: too late to send/recv, messages will be lost

