1637573278183	geckodriver	INFO	Listening on 127.0.0.1:20130
1637573281250	mozrunner::runner	INFO	Running command: "E:\\Program Files\\Mozilla Firefox\\firefox.exe" "--marionette" "-no-remote" "-profile" "C:\\Users\\MILUDeer\\AppData\\Local\\Temp\\rust_mozprofileH5G7M8"
1637573282288	Marionette	INFO	Marionette enabled
console.warn: SearchSettings: "get: No settings file exists, new profile?" (new NotFoundError("Could not open the file at C:\\Users\\MILUDeer\\AppData\\Local\\Temp\\rust_mozprofileH5G7M8\\search.json.mozlz4", (void 0)))
console.warn: TopSitesFeed: Failed to fetch data from Contile server: NetworkError when attempting to fetch resource.
console.error: Region.jsm: "Error fetching region" (new TypeError("NetworkError when attempting to fetch resource.", ""))
console.error: Region.jsm: "Failed to fetch region" (new Error("NO_RESULT", "resource://gre/modules/Region.jsm", 419))
1637573286552	Marionette	INFO	Listening on port 20144
1637573287102	RemoteAgent	WARN	TLS certificate errors will be ignored for this session
1637573287280	Marionette	WARN	Ignoring event 'DOMContentLoaded' because document has an invalid readyState of 'complete'.
1637573293359	Marionette	WARN	Ignoring event 'DOMContentLoaded' because document has an invalid readyState of 'complete'.
1637573295655	Marionette	INFO	Stopped listening on port 20144
console.warn: TopSitesFeed: Failed to fetch data from Contile server: NetworkError when attempting to fetch resource.
JavaScript error: chrome://remote/content/marionette/cert.js, line 55: NS_ERROR_NOT_AVAILABLE: Component returned failure code: 0x80040111 (NS_ERROR_NOT_AVAILABLE) [nsICertOverrideService.setDisableAllSecurityChecksAndLetAttackersInterceptMyData]
1637573842011	geckodriver	INFO	Listening on 127.0.0.1:1834
1637573845052	mozrunner::runner	INFO	Running command: "E:\\Program Files\\Mozilla Firefox\\firefox.exe" "--marionette" "-no-remote" "-profile" "C:\\Users\\MILUDeer\\AppData\\Local\\Temp\\rust_mozprofileOLRjbY"
1637573845688	Marionette	INFO	Marionette enabled
console.warn: SearchSettings: "get: No settings file exists, new profile?" (new NotFoundError("Could not open the file at C:\\Users\\MILUDeer\\AppData\\Local\\Temp\\rust_mozprofileOLRjbY\\search.json.mozlz4", (void 0)))
1637573849390	Marionette	INFO	Listening on port 1842
1637573849905	RemoteAgent	WARN	TLS certificate errors will be ignored for this session
1637573889857	Marionette	INFO	Stopped listening on port 1842
console.warn: TopSitesFeed: Failed to fetch data from Contile server: NetworkError when attempting to fetch resource.
JavaScript error: chrome://remote/content/marionette/cert.js, line 55: NS_ERROR_NOT_AVAILABLE: Component returned failure code: 0x80040111 (NS_ERROR_NOT_AVAILABLE) [nsICertOverrideService.setDisableAllSecurityChecksAndLetAttackersInterceptMyData]
1637573940534	geckodriver	INFO	Listening on 127.0.0.1:2032
1637573943595	mozrunner::runner	INFO	Running command: "E:\\Program Files\\Mozilla Firefox\\firefox.exe" "--marionette" "-no-remote" "-profile" "C:\\Users\\MILUDeer\\AppData\\Local\\Temp\\rust_mozprofileG12XAD"
1637573944264	Marionette	INFO	Marionette enabled
console.warn: SearchSettings: "get: No settings file exists, new profile?" (new NotFoundError("Could not open the file at C:\\Users\\MILUDeer\\AppData\\Local\\Temp\\rust_mozprofileG12XAD\\search.json.mozlz4", (void 0)))
1637573947644	Marionette	INFO	Listening on port 2040
1637573947796	RemoteAgent	WARN	TLS certificate errors will be ignored for this session
console.error: Region.jsm: "Error fetching region" (new Error("TIMEOUT", "resource://gre/modules/Region.jsm", 772))
console.error: Region.jsm: "Failed to fetch region" (new Error("TIMEOUT", "resource://gre/modules/Region.jsm", 419))
1637573956295	Marionette	INFO	Stopped listening on port 2040
console.error: services.settings: 
  main/query-stripping Signature failed  TypeError: NetworkError: Network request failed
console.warn: TopSitesFeed: Failed to fetch data from Contile server: NetworkError when attempting to fetch resource.
JavaScript error: chrome://remote/content/marionette/cert.js, line 55: NS_ERROR_NOT_AVAILABLE: Component returned failure code: 0x80040111 (NS_ERROR_NOT_AVAILABLE) [nsICertOverrideService.setDisableAllSecurityChecksAndLetAttackersInterceptMyData]
